The system is: Linux - 3.10.0-1160.el7.x86_64 - x86_64
Compiling the C compiler identification source file "CMakeCCompilerId.c" succeeded.
Compiler: /usr/bin/cc 
Build flags: 
Id flags:  

The output was:
0


Compilation of the C compiler identification source "CMakeCCompilerId.c" produced "a.out"

The C compiler identification is GNU, found in "/home/xhliu/work/staticLog/staticLog/build/CMakeFiles/3.24.1/CompilerIdC/a.out"

Compiling the CXX compiler identification source file "CMakeCXXCompilerId.cpp" succeeded.
Compiler: /usr/local/bin/g++ 
Build flags: 
Id flags:  

The output was:
0


Compilation of the CXX compiler identification source "CMakeCXXCompilerId.cpp" produced "a.out"

The CXX compiler identification is GNU, found in "/home/xhliu/work/staticLog/staticLog/build/CMakeFiles/3.24.1/CompilerIdCXX/a.out"

Detecting C compiler ABI info compiled with the following output:
Change Dir: /home/xhliu/work/staticLog/staticLog/build/CMakeFiles/CMakeTmp

Run Build Command(s):/usr/bin/gmake -f Makefile cmTC_8d199/fast && /usr/bin/gmake  -f CMakeFiles/cmTC_8d199.dir/build.make CMakeFiles/cmTC_8d199.dir/build
gmake[1]: Entering directory `/home/xhliu/work/staticLog/staticLog/build/CMakeFiles/CMakeTmp'
Building C object CMakeFiles/cmTC_8d199.dir/CMakeCCompilerABI.c.o
/usr/bin/cc   -v -o CMakeFiles/cmTC_8d199.dir/CMakeCCompilerABI.c.o -c /home/xhliu/tool/cmake-3.24.1-linux-x86_64/share/cmake-3.24/Modules/CMakeCCompilerABI.c
Using built-in specs.
COLLECT_GCC=/usr/bin/cc
Target: x86_64-redhat-linux
Configured with: ../configure --prefix=/usr --mandir=/usr/share/man --infodir=/usr/share/info --with-bugurl=http://bugzilla.redhat.com/bugzilla --enable-bootstrap --enable-shared --enable-threads=posix --enable-checking=release --with-system-zlib --enable-__cxa_atexit --disable-libunwind-exceptions --enable-gnu-unique-object --enable-linker-build-id --with-linker-hash-style=gnu --enable-languages=c,c++,objc,obj-c++,java,fortran,ada,go,lto --enable-plugin --enable-initfini-array --disable-libgcj --with-isl=/builddir/build/BUILD/gcc-4.8.5-20150702/obj-x86_64-redhat-linux/isl-install --with-cloog=/builddir/build/BUILD/gcc-4.8.5-20150702/obj-x86_64-redhat-linux/cloog-install --enable-gnu-indirect-function --with-tune=generic --with-arch_32=x86-64 --build=x86_64-redhat-linux
Thread model: posix
gcc version 4.8.5 20150623 (Red Hat 4.8.5-44) (GCC) 
COLLECT_GCC_OPTIONS='-v' '-o' 'CMakeFiles/cmTC_8d199.dir/CMakeCCompilerABI.c.o' '-c' '-mtune=generic' '-march=x86-64'
 /usr/libexec/gcc/x86_64-redhat-linux/4.8.5/cc1 -quiet -v /home/xhliu/tool/cmake-3.24.1-linux-x86_64/share/cmake-3.24/Modules/CMakeCCompilerABI.c -quiet -dumpbase CMakeCCompilerABI.c -mtune=generic -march=x86-64 -auxbase-strip CMakeFiles/cmTC_8d199.dir/CMakeCCompilerABI.c.o -version -o /tmp/ccUkatDV.s
GNU C (GCC) version 4.8.5 20150623 (Red Hat 4.8.5-44) (x86_64-redhat-linux)
	compiled by GNU C version 4.8.5 20150623 (Red Hat 4.8.5-44), GMP version 6.0.0, MPFR version 3.1.1, MPC version 1.0.1
GGC heuristics: --param ggc-min-expand=100 --param ggc-min-heapsize=131072
ignoring nonexistent directory "/usr/lib/gcc/x86_64-redhat-linux/4.8.5/include-fixed"
ignoring nonexistent directory "/usr/lib/gcc/x86_64-redhat-linux/4.8.5/../../../../x86_64-redhat-linux/include"
#include "..." search starts here:
#include <...> search starts here:
 /usr/lib/gcc/x86_64-redhat-linux/4.8.5/include
 /usr/local/include
 /usr/include
End of search list.
GNU C (GCC) version 4.8.5 20150623 (Red Hat 4.8.5-44) (x86_64-redhat-linux)
	compiled by GNU C version 4.8.5 20150623 (Red Hat 4.8.5-44), GMP version 6.0.0, MPFR version 3.1.1, MPC version 1.0.1
GGC heuristics: --param ggc-min-expand=100 --param ggc-min-heapsize=131072
Compiler executable checksum: 231b3394950636dbfe0428e88716bc73
COLLECT_GCC_OPTIONS='-v' '-o' 'CMakeFiles/cmTC_8d199.dir/CMakeCCompilerABI.c.o' '-c' '-mtune=generic' '-march=x86-64'
 as -v --64 -o CMakeFiles/cmTC_8d199.dir/CMakeCCompilerABI.c.o /tmp/ccUkatDV.s
GNU assembler version 2.27 (x86_64-redhat-linux) using BFD version version 2.27-44.base.el7
COMPILER_PATH=/usr/libexec/gcc/x86_64-redhat-linux/4.8.5/:/usr/libexec/gcc/x86_64-redhat-linux/4.8.5/:/usr/libexec/gcc/x86_64-redhat-linux/:/usr/lib/gcc/x86_64-redhat-linux/4.8.5/:/usr/lib/gcc/x86_64-redhat-linux/
LIBRARY_PATH=/usr/lib/gcc/x86_64-redhat-linux/4.8.5/:/usr/lib/gcc/x86_64-redhat-linux/4.8.5/../../../../lib64/:/lib/../lib64/:/usr/lib/../lib64/:/usr/lib/gcc/x86_64-redhat-linux/4.8.5/../../../:/lib/:/usr/lib/
COLLECT_GCC_OPTIONS='-v' '-o' 'CMakeFiles/cmTC_8d199.dir/CMakeCCompilerABI.c.o' '-c' '-mtune=generic' '-march=x86-64'
Linking C executable cmTC_8d199
/home/xhliu/tool/cmake-3.24.1-linux-x86_64/bin/cmake -E cmake_link_script CMakeFiles/cmTC_8d199.dir/link.txt --verbose=1
/usr/bin/cc  -v CMakeFiles/cmTC_8d199.dir/CMakeCCompilerABI.c.o -o cmTC_8d199 
Using built-in specs.
COLLECT_GCC=/usr/bin/cc
COLLECT_LTO_WRAPPER=/usr/libexec/gcc/x86_64-redhat-linux/4.8.5/lto-wrapper
Target: x86_64-redhat-linux
Configured with: ../configure --prefix=/usr --mandir=/usr/share/man --infodir=/usr/share/info --with-bugurl=http://bugzilla.redhat.com/bugzilla --enable-bootstrap --enable-shared --enable-threads=posix --enable-checking=release --with-system-zlib --enable-__cxa_atexit --disable-libunwind-exceptions --enable-gnu-unique-object --enable-linker-build-id --with-linker-hash-style=gnu --enable-languages=c,c++,objc,obj-c++,java,fortran,ada,go,lto --enable-plugin --enable-initfini-array --disable-libgcj --with-isl=/builddir/build/BUILD/gcc-4.8.5-20150702/obj-x86_64-redhat-linux/isl-install --with-cloog=/builddir/build/BUILD/gcc-4.8.5-20150702/obj-x86_64-redhat-linux/cloog-install --enable-gnu-indirect-function --with-tune=generic --with-arch_32=x86-64 --build=x86_64-redhat-linux
Thread model: posix
gcc version 4.8.5 20150623 (Red Hat 4.8.5-44) (GCC) 
COMPILER_PATH=/usr/libexec/gcc/x86_64-redhat-linux/4.8.5/:/usr/libexec/gcc/x86_64-redhat-linux/4.8.5/:/usr/libexec/gcc/x86_64-redhat-linux/:/usr/lib/gcc/x86_64-redhat-linux/4.8.5/:/usr/lib/gcc/x86_64-redhat-linux/
LIBRARY_PATH=/usr/lib/gcc/x86_64-redhat-linux/4.8.5/:/usr/lib/gcc/x86_64-redhat-linux/4.8.5/../../../../lib64/:/lib/../lib64/:/usr/lib/../lib64/:/usr/lib/gcc/x86_64-redhat-linux/4.8.5/../../../:/lib/:/usr/lib/
COLLECT_GCC_OPTIONS='-v' '-o' 'cmTC_8d199' '-mtune=generic' '-march=x86-64'
 /usr/libexec/gcc/x86_64-redhat-linux/4.8.5/collect2 --build-id --no-add-needed --eh-frame-hdr --hash-style=gnu -m elf_x86_64 -dynamic-linker /lib64/ld-linux-x86-64.so.2 -o cmTC_8d199 /usr/lib/gcc/x86_64-redhat-linux/4.8.5/../../../../lib64/crt1.o /usr/lib/gcc/x86_64-redhat-linux/4.8.5/../../../../lib64/crti.o /usr/lib/gcc/x86_64-redhat-linux/4.8.5/crtbegin.o -L/usr/lib/gcc/x86_64-redhat-linux/4.8.5 -L/usr/lib/gcc/x86_64-redhat-linux/4.8.5/../../../../lib64 -L/lib/../lib64 -L/usr/lib/../lib64 -L/usr/lib/gcc/x86_64-redhat-linux/4.8.5/../../.. CMakeFiles/cmTC_8d199.dir/CMakeCCompilerABI.c.o -lgcc --as-needed -lgcc_s --no-as-needed -lc -lgcc --as-needed -lgcc_s --no-as-needed /usr/lib/gcc/x86_64-redhat-linux/4.8.5/crtend.o /usr/lib/gcc/x86_64-redhat-linux/4.8.5/../../../../lib64/crtn.o
gmake[1]: Leaving directory `/home/xhliu/work/staticLog/staticLog/build/CMakeFiles/CMakeTmp'



Parsed C implicit include dir info from above output: rv=done
  found start of include info
  found start of implicit include info
    add: [/usr/lib/gcc/x86_64-redhat-linux/4.8.5/include]
    add: [/usr/local/include]
    add: [/usr/include]
  end of search list found
  collapse include dir [/usr/lib/gcc/x86_64-redhat-linux/4.8.5/include] ==> [/usr/lib/gcc/x86_64-redhat-linux/4.8.5/include]
  collapse include dir [/usr/local/include] ==> [/usr/local/include]
  collapse include dir [/usr/include] ==> [/usr/include]
  implicit include dirs: [/usr/lib/gcc/x86_64-redhat-linux/4.8.5/include;/usr/local/include;/usr/include]


Parsed C implicit link information from above output:
  link line regex: [^( *|.*[/\])(ld|CMAKE_LINK_STARTFILE-NOTFOUND|([^/\]+-)?ld|collect2)[^/\]*( |$)]
  ignore line: [Change Dir: /home/xhliu/work/staticLog/staticLog/build/CMakeFiles/CMakeTmp]
  ignore line: []
  ignore line: [Run Build Command(s):/usr/bin/gmake -f Makefile cmTC_8d199/fast && /usr/bin/gmake  -f CMakeFiles/cmTC_8d199.dir/build.make CMakeFiles/cmTC_8d199.dir/build]
  ignore line: [gmake[1]: Entering directory `/home/xhliu/work/staticLog/staticLog/build/CMakeFiles/CMakeTmp']
  ignore line: [Building C object CMakeFiles/cmTC_8d199.dir/CMakeCCompilerABI.c.o]
  ignore line: [/usr/bin/cc   -v -o CMakeFiles/cmTC_8d199.dir/CMakeCCompilerABI.c.o -c /home/xhliu/tool/cmake-3.24.1-linux-x86_64/share/cmake-3.24/Modules/CMakeCCompilerABI.c]
  ignore line: [Using built-in specs.]
  ignore line: [COLLECT_GCC=/usr/bin/cc]
  ignore line: [Target: x86_64-redhat-linux]
  ignore line: [Configured with: ../configure --prefix=/usr --mandir=/usr/share/man --infodir=/usr/share/info --with-bugurl=http://bugzilla.redhat.com/bugzilla --enable-bootstrap --enable-shared --enable-threads=posix --enable-checking=release --with-system-zlib --enable-__cxa_atexit --disable-libunwind-exceptions --enable-gnu-unique-object --enable-linker-build-id --with-linker-hash-style=gnu --enable-languages=c c++ objc obj-c++ java fortran ada go lto --enable-plugin --enable-initfini-array --disable-libgcj --with-isl=/builddir/build/BUILD/gcc-4.8.5-20150702/obj-x86_64-redhat-linux/isl-install --with-cloog=/builddir/build/BUILD/gcc-4.8.5-20150702/obj-x86_64-redhat-linux/cloog-install --enable-gnu-indirect-function --with-tune=generic --with-arch_32=x86-64 --build=x86_64-redhat-linux]
  ignore line: [Thread model: posix]
  ignore line: [gcc version 4.8.5 20150623 (Red Hat 4.8.5-44) (GCC) ]
  ignore line: [COLLECT_GCC_OPTIONS='-v' '-o' 'CMakeFiles/cmTC_8d199.dir/CMakeCCompilerABI.c.o' '-c' '-mtune=generic' '-march=x86-64']
  ignore line: [ /usr/libexec/gcc/x86_64-redhat-linux/4.8.5/cc1 -quiet -v /home/xhliu/tool/cmake-3.24.1-linux-x86_64/share/cmake-3.24/Modules/CMakeCCompilerABI.c -quiet -dumpbase CMakeCCompilerABI.c -mtune=generic -march=x86-64 -auxbase-strip CMakeFiles/cmTC_8d199.dir/CMakeCCompilerABI.c.o -version -o /tmp/ccUkatDV.s]
  ignore line: [GNU C (GCC) version 4.8.5 20150623 (Red Hat 4.8.5-44) (x86_64-redhat-linux)]
  ignore line: [	compiled by GNU C version 4.8.5 20150623 (Red Hat 4.8.5-44)  GMP version 6.0.0  MPFR version 3.1.1  MPC version 1.0.1]
  ignore line: [GGC heuristics: --param ggc-min-expand=100 --param ggc-min-heapsize=131072]
  ignore line: [ignoring nonexistent directory "/usr/lib/gcc/x86_64-redhat-linux/4.8.5/include-fixed"]
  ignore line: [ignoring nonexistent directory "/usr/lib/gcc/x86_64-redhat-linux/4.8.5/../../../../x86_64-redhat-linux/include"]
  ignore line: [#include "..." search starts here:]
  ignore line: [#include <...> search starts here:]
  ignore line: [ /usr/lib/gcc/x86_64-redhat-linux/4.8.5/include]
  ignore line: [ /usr/local/include]
  ignore line: [ /usr/include]
  ignore line: [End of search list.]
  ignore line: [GNU C (GCC) version 4.8.5 20150623 (Red Hat 4.8.5-44) (x86_64-redhat-linux)]
  ignore line: [	compiled by GNU C version 4.8.5 20150623 (Red Hat 4.8.5-44)  GMP version 6.0.0  MPFR version 3.1.1  MPC version 1.0.1]
  ignore line: [GGC heuristics: --param ggc-min-expand=100 --param ggc-min-heapsize=131072]
  ignore line: [Compiler executable checksum: 231b3394950636dbfe0428e88716bc73]
  ignore line: [COLLECT_GCC_OPTIONS='-v' '-o' 'CMakeFiles/cmTC_8d199.dir/CMakeCCompilerABI.c.o' '-c' '-mtune=generic' '-march=x86-64']
  ignore line: [ as -v --64 -o CMakeFiles/cmTC_8d199.dir/CMakeCCompilerABI.c.o /tmp/ccUkatDV.s]
  ignore line: [GNU assembler version 2.27 (x86_64-redhat-linux) using BFD version version 2.27-44.base.el7]
  ignore line: [COMPILER_PATH=/usr/libexec/gcc/x86_64-redhat-linux/4.8.5/:/usr/libexec/gcc/x86_64-redhat-linux/4.8.5/:/usr/libexec/gcc/x86_64-redhat-linux/:/usr/lib/gcc/x86_64-redhat-linux/4.8.5/:/usr/lib/gcc/x86_64-redhat-linux/]
  ignore line: [LIBRARY_PATH=/usr/lib/gcc/x86_64-redhat-linux/4.8.5/:/usr/lib/gcc/x86_64-redhat-linux/4.8.5/../../../../lib64/:/lib/../lib64/:/usr/lib/../lib64/:/usr/lib/gcc/x86_64-redhat-linux/4.8.5/../../../:/lib/:/usr/lib/]
  ignore line: [COLLECT_GCC_OPTIONS='-v' '-o' 'CMakeFiles/cmTC_8d199.dir/CMakeCCompilerABI.c.o' '-c' '-mtune=generic' '-march=x86-64']
  ignore line: [Linking C executable cmTC_8d199]
  ignore line: [/home/xhliu/tool/cmake-3.24.1-linux-x86_64/bin/cmake -E cmake_link_script CMakeFiles/cmTC_8d199.dir/link.txt --verbose=1]
  ignore line: [/usr/bin/cc  -v CMakeFiles/cmTC_8d199.dir/CMakeCCompilerABI.c.o -o cmTC_8d199 ]
  ignore line: [Using built-in specs.]
  ignore line: [COLLECT_GCC=/usr/bin/cc]
  ignore line: [COLLECT_LTO_WRAPPER=/usr/libexec/gcc/x86_64-redhat-linux/4.8.5/lto-wrapper]
  ignore line: [Target: x86_64-redhat-linux]
  ignore line: [Configured with: ../configure --prefix=/usr --mandir=/usr/share/man --infodir=/usr/share/info --with-bugurl=http://bugzilla.redhat.com/bugzilla --enable-bootstrap --enable-shared --enable-threads=posix --enable-checking=release --with-system-zlib --enable-__cxa_atexit --disable-libunwind-exceptions --enable-gnu-unique-object --enable-linker-build-id --with-linker-hash-style=gnu --enable-languages=c c++ objc obj-c++ java fortran ada go lto --enable-plugin --enable-initfini-array --disable-libgcj --with-isl=/builddir/build/BUILD/gcc-4.8.5-20150702/obj-x86_64-redhat-linux/isl-install --with-cloog=/builddir/build/BUILD/gcc-4.8.5-20150702/obj-x86_64-redhat-linux/cloog-install --enable-gnu-indirect-function --with-tune=generic --with-arch_32=x86-64 --build=x86_64-redhat-linux]
  ignore line: [Thread model: posix]
  ignore line: [gcc version 4.8.5 20150623 (Red Hat 4.8.5-44) (GCC) ]
  ignore line: [COMPILER_PATH=/usr/libexec/gcc/x86_64-redhat-linux/4.8.5/:/usr/libexec/gcc/x86_64-redhat-linux/4.8.5/:/usr/libexec/gcc/x86_64-redhat-linux/:/usr/lib/gcc/x86_64-redhat-linux/4.8.5/:/usr/lib/gcc/x86_64-redhat-linux/]
  ignore line: [LIBRARY_PATH=/usr/lib/gcc/x86_64-redhat-linux/4.8.5/:/usr/lib/gcc/x86_64-redhat-linux/4.8.5/../../../../lib64/:/lib/../lib64/:/usr/lib/../lib64/:/usr/lib/gcc/x86_64-redhat-linux/4.8.5/../../../:/lib/:/usr/lib/]
  ignore line: [COLLECT_GCC_OPTIONS='-v' '-o' 'cmTC_8d199' '-mtune=generic' '-march=x86-64']
  link line: [ /usr/libexec/gcc/x86_64-redhat-linux/4.8.5/collect2 --build-id --no-add-needed --eh-frame-hdr --hash-style=gnu -m elf_x86_64 -dynamic-linker /lib64/ld-linux-x86-64.so.2 -o cmTC_8d199 /usr/lib/gcc/x86_64-redhat-linux/4.8.5/../../../../lib64/crt1.o /usr/lib/gcc/x86_64-redhat-linux/4.8.5/../../../../lib64/crti.o /usr/lib/gcc/x86_64-redhat-linux/4.8.5/crtbegin.o -L/usr/lib/gcc/x86_64-redhat-linux/4.8.5 -L/usr/lib/gcc/x86_64-redhat-linux/4.8.5/../../../../lib64 -L/lib/../lib64 -L/usr/lib/../lib64 -L/usr/lib/gcc/x86_64-redhat-linux/4.8.5/../../.. CMakeFiles/cmTC_8d199.dir/CMakeCCompilerABI.c.o -lgcc --as-needed -lgcc_s --no-as-needed -lc -lgcc --as-needed -lgcc_s --no-as-needed /usr/lib/gcc/x86_64-redhat-linux/4.8.5/crtend.o /usr/lib/gcc/x86_64-redhat-linux/4.8.5/../../../../lib64/crtn.o]
    arg [/usr/libexec/gcc/x86_64-redhat-linux/4.8.5/collect2] ==> ignore
    arg [--build-id] ==> ignore
    arg [--no-add-needed] ==> ignore
    arg [--eh-frame-hdr] ==> ignore
    arg [--hash-style=gnu] ==> ignore
    arg [-m] ==> ignore
    arg [elf_x86_64] ==> ignore
    arg [-dynamic-linker] ==> ignore
    arg [/lib64/ld-linux-x86-64.so.2] ==> ignore
    arg [-o] ==> ignore
    arg [cmTC_8d199] ==> ignore
    arg [/usr/lib/gcc/x86_64-redhat-linux/4.8.5/../../../../lib64/crt1.o] ==> obj [/usr/lib/gcc/x86_64-redhat-linux/4.8.5/../../../../lib64/crt1.o]
    arg [/usr/lib/gcc/x86_64-redhat-linux/4.8.5/../../../../lib64/crti.o] ==> obj [/usr/lib/gcc/x86_64-redhat-linux/4.8.5/../../../../lib64/crti.o]
    arg [/usr/lib/gcc/x86_64-redhat-linux/4.8.5/crtbegin.o] ==> obj [/usr/lib/gcc/x86_64-redhat-linux/4.8.5/crtbegin.o]
    arg [-L/usr/lib/gcc/x86_64-redhat-linux/4.8.5] ==> dir [/usr/lib/gcc/x86_64-redhat-linux/4.8.5]
    arg [-L/usr/lib/gcc/x86_64-redhat-linux/4.8.5/../../../../lib64] ==> dir [/usr/lib/gcc/x86_64-redhat-linux/4.8.5/../../../../lib64]
    arg [-L/lib/../lib64] ==> dir [/lib/../lib64]
    arg [-L/usr/lib/../lib64] ==> dir [/usr/lib/../lib64]
    arg [-L/usr/lib/gcc/x86_64-redhat-linux/4.8.5/../../..] ==> dir [/usr/lib/gcc/x86_64-redhat-linux/4.8.5/../../..]
    arg [CMakeFiles/cmTC_8d199.dir/CMakeCCompilerABI.c.o] ==> ignore
    arg [-lgcc] ==> lib [gcc]
    arg [--as-needed] ==> ignore
    arg [-lgcc_s] ==> lib [gcc_s]
    arg [--no-as-needed] ==> ignore
    arg [-lc] ==> lib [c]
    arg [-lgcc] ==> lib [gcc]
    arg [--as-needed] ==> ignore
    arg [-lgcc_s] ==> lib [gcc_s]
    arg [--no-as-needed] ==> ignore
    arg [/usr/lib/gcc/x86_64-redhat-linux/4.8.5/crtend.o] ==> obj [/usr/lib/gcc/x86_64-redhat-linux/4.8.5/crtend.o]
    arg [/usr/lib/gcc/x86_64-redhat-linux/4.8.5/../../../../lib64/crtn.o] ==> obj [/usr/lib/gcc/x86_64-redhat-linux/4.8.5/../../../../lib64/crtn.o]
  collapse obj [/usr/lib/gcc/x86_64-redhat-linux/4.8.5/../../../../lib64/crt1.o] ==> [/usr/lib64/crt1.o]
  collapse obj [/usr/lib/gcc/x86_64-redhat-linux/4.8.5/../../../../lib64/crti.o] ==> [/usr/lib64/crti.o]
  collapse obj [/usr/lib/gcc/x86_64-redhat-linux/4.8.5/../../../../lib64/crtn.o] ==> [/usr/lib64/crtn.o]
  collapse library dir [/usr/lib/gcc/x86_64-redhat-linux/4.8.5] ==> [/usr/lib/gcc/x86_64-redhat-linux/4.8.5]
  collapse library dir [/usr/lib/gcc/x86_64-redhat-linux/4.8.5/../../../../lib64] ==> [/usr/lib64]
  collapse library dir [/lib/../lib64] ==> [/lib64]
  collapse library dir [/usr/lib/../lib64] ==> [/usr/lib64]
  collapse library dir [/usr/lib/gcc/x86_64-redhat-linux/4.8.5/../../..] ==> [/usr/lib]
  implicit libs: [gcc;gcc_s;c;gcc;gcc_s]
  implicit objs: [/usr/lib64/crt1.o;/usr/lib64/crti.o;/usr/lib/gcc/x86_64-redhat-linux/4.8.5/crtbegin.o;/usr/lib/gcc/x86_64-redhat-linux/4.8.5/crtend.o;/usr/lib64/crtn.o]
  implicit dirs: [/usr/lib/gcc/x86_64-redhat-linux/4.8.5;/usr/lib64;/lib64;/usr/lib]
  implicit fwks: []


Detecting CXX compiler ABI info compiled with the following output:
Change Dir: /home/xhliu/work/staticLog/staticLog/build/CMakeFiles/CMakeTmp

Run Build Command(s):/usr/bin/gmake -f Makefile cmTC_d705b/fast && /usr/bin/gmake  -f CMakeFiles/cmTC_d705b.dir/build.make CMakeFiles/cmTC_d705b.dir/build
gmake[1]: Entering directory `/home/xhliu/work/staticLog/staticLog/build/CMakeFiles/CMakeTmp'
Building CXX object CMakeFiles/cmTC_d705b.dir/CMakeCXXCompilerABI.cpp.o
/usr/local/bin/g++   -v -o CMakeFiles/cmTC_d705b.dir/CMakeCXXCompilerABI.cpp.o -c /home/xhliu/tool/cmake-3.24.1-linux-x86_64/share/cmake-3.24/Modules/CMakeCXXCompilerABI.cpp
Using built-in specs.
COLLECT_GCC=/usr/local/bin/g++
Target: x86_64-pc-linux-gnu
Configured with: ./configure --disable-multilib --enable-languages=c,c++
Thread model: posix
Supported LTO compression algorithms: zlib
gcc version 10.3.0 (GCC) 
COLLECT_GCC_OPTIONS='-v' '-o' 'CMakeFiles/cmTC_d705b.dir/CMakeCXXCompilerABI.cpp.o' '-c' '-shared-libgcc' '-mtune=generic' '-march=x86-64'
 /usr/local/libexec/gcc/x86_64-pc-linux-gnu/10.3.0/cc1plus -quiet -v -D_GNU_SOURCE /home/xhliu/tool/cmake-3.24.1-linux-x86_64/share/cmake-3.24/Modules/CMakeCXXCompilerABI.cpp -quiet -dumpbase CMakeCXXCompilerABI.cpp -mtune=generic -march=x86-64 -auxbase-strip CMakeFiles/cmTC_d705b.dir/CMakeCXXCompilerABI.cpp.o -version -o /tmp/ccRK2GkR.s
GNU C++14 (GCC) version 10.3.0 (x86_64-pc-linux-gnu)
	compiled by GNU C version 10.3.0, GMP version 6.1.0, MPFR version 3.1.4, MPC version 1.0.3, isl version isl-0.18-GMP

GGC heuristics: --param ggc-min-expand=100 --param ggc-min-heapsize=131072
ignoring nonexistent directory "/usr/local/lib/gcc/x86_64-pc-linux-gnu/10.3.0/../../../../x86_64-pc-linux-gnu/include"
#include "..." search starts here:
#include <...> search starts here:
 /usr/local/lib/gcc/x86_64-pc-linux-gnu/10.3.0/../../../../include/c++/10.3.0
 /usr/local/lib/gcc/x86_64-pc-linux-gnu/10.3.0/../../../../include/c++/10.3.0/x86_64-pc-linux-gnu
 /usr/local/lib/gcc/x86_64-pc-linux-gnu/10.3.0/../../../../include/c++/10.3.0/backward
 /usr/local/lib/gcc/x86_64-pc-linux-gnu/10.3.0/include
 /usr/local/include
 /usr/local/lib/gcc/x86_64-pc-linux-gnu/10.3.0/include-fixed
 /usr/include
End of search list.
GNU C++14 (GCC) version 10.3.0 (x86_64-pc-linux-gnu)
	compiled by GNU C version 10.3.0, GMP version 6.1.0, MPFR version 3.1.4, MPC version 1.0.3, isl version isl-0.18-GMP

GGC heuristics: --param ggc-min-expand=100 --param ggc-min-heapsize=131072
Compiler executable checksum: 0128a4baace4fd847e7728181abd2355
COLLECT_GCC_OPTIONS='-v' '-o' 'CMakeFiles/cmTC_d705b.dir/CMakeCXXCompilerABI.cpp.o' '-c' '-shared-libgcc' '-mtune=generic' '-march=x86-64'
 as -v --64 -o CMakeFiles/cmTC_d705b.dir/CMakeCXXCompilerABI.cpp.o /tmp/ccRK2GkR.s
GNU assembler version 2.27 (x86_64-redhat-linux) using BFD version version 2.27-44.base.el7
COMPILER_PATH=/usr/local/libexec/gcc/x86_64-pc-linux-gnu/10.3.0/:/usr/local/libexec/gcc/x86_64-pc-linux-gnu/10.3.0/:/usr/local/libexec/gcc/x86_64-pc-linux-gnu/:/usr/local/lib/gcc/x86_64-pc-linux-gnu/10.3.0/:/usr/local/lib/gcc/x86_64-pc-linux-gnu/
LIBRARY_PATH=/usr/local/lib/gcc/x86_64-pc-linux-gnu/10.3.0/:/usr/local/lib/gcc/x86_64-pc-linux-gnu/10.3.0/../../../../lib64/:/lib/../lib64/:/usr/lib/../lib64/:/usr/local/lib/gcc/x86_64-pc-linux-gnu/10.3.0/../../../:/lib/:/usr/lib/
COLLECT_GCC_OPTIONS='-v' '-o' 'CMakeFiles/cmTC_d705b.dir/CMakeCXXCompilerABI.cpp.o' '-c' '-shared-libgcc' '-mtune=generic' '-march=x86-64'
Linking CXX executable cmTC_d705b
/home/xhliu/tool/cmake-3.24.1-linux-x86_64/bin/cmake -E cmake_link_script CMakeFiles/cmTC_d705b.dir/link.txt --verbose=1
/usr/local/bin/g++  -v CMakeFiles/cmTC_d705b.dir/CMakeCXXCompilerABI.cpp.o -o cmTC_d705b 
Using built-in specs.
COLLECT_GCC=/usr/local/bin/g++
COLLECT_LTO_WRAPPER=/usr/local/libexec/gcc/x86_64-pc-linux-gnu/10.3.0/lto-wrapper
Target: x86_64-pc-linux-gnu
Configured with: ./configure --disable-multilib --enable-languages=c,c++
Thread model: posix
Supported LTO compression algorithms: zlib
gcc version 10.3.0 (GCC) 
COMPILER_PATH=/usr/local/libexec/gcc/x86_64-pc-linux-gnu/10.3.0/:/usr/local/libexec/gcc/x86_64-pc-linux-gnu/10.3.0/:/usr/local/libexec/gcc/x86_64-pc-linux-gnu/:/usr/local/lib/gcc/x86_64-pc-linux-gnu/10.3.0/:/usr/local/lib/gcc/x86_64-pc-linux-gnu/
LIBRARY_PATH=/usr/local/lib/gcc/x86_64-pc-linux-gnu/10.3.0/:/usr/local/lib/gcc/x86_64-pc-linux-gnu/10.3.0/../../../../lib64/:/lib/../lib64/:/usr/lib/../lib64/:/usr/local/lib/gcc/x86_64-pc-linux-gnu/10.3.0/../../../:/lib/:/usr/lib/
COLLECT_GCC_OPTIONS='-v' '-o' 'cmTC_d705b' '-shared-libgcc' '-mtune=generic' '-march=x86-64'
 /usr/local/libexec/gcc/x86_64-pc-linux-gnu/10.3.0/collect2 -plugin /usr/local/libexec/gcc/x86_64-pc-linux-gnu/10.3.0/liblto_plugin.so -plugin-opt=/usr/local/libexec/gcc/x86_64-pc-linux-gnu/10.3.0/lto-wrapper -plugin-opt=-fresolution=/tmp/ccCKJ7fV.res -plugin-opt=-pass-through=-lgcc_s -plugin-opt=-pass-through=-lgcc -plugin-opt=-pass-through=-lc -plugin-opt=-pass-through=-lgcc_s -plugin-opt=-pass-through=-lgcc --eh-frame-hdr -m elf_x86_64 -dynamic-linker /lib64/ld-linux-x86-64.so.2 -o cmTC_d705b /lib/../lib64/crt1.o /lib/../lib64/crti.o /usr/local/lib/gcc/x86_64-pc-linux-gnu/10.3.0/crtbegin.o -L/usr/local/lib/gcc/x86_64-pc-linux-gnu/10.3.0 -L/usr/local/lib/gcc/x86_64-pc-linux-gnu/10.3.0/../../../../lib64 -L/lib/../lib64 -L/usr/lib/../lib64 -L/usr/local/lib/gcc/x86_64-pc-linux-gnu/10.3.0/../../.. CMakeFiles/cmTC_d705b.dir/CMakeCXXCompilerABI.cpp.o -lstdc++ -lm -lgcc_s -lgcc -lc -lgcc_s -lgcc /usr/local/lib/gcc/x86_64-pc-linux-gnu/10.3.0/crtend.o /lib/../lib64/crtn.o
COLLECT_GCC_OPTIONS='-v' '-o' 'cmTC_d705b' '-shared-libgcc' '-mtune=generic' '-march=x86-64'
gmake[1]: Leaving directory `/home/xhliu/work/staticLog/staticLog/build/CMakeFiles/CMakeTmp'



Parsed CXX implicit include dir info from above output: rv=done
  found start of include info
  found start of implicit include info
    add: [/usr/local/lib/gcc/x86_64-pc-linux-gnu/10.3.0/../../../../include/c++/10.3.0]
    add: [/usr/local/lib/gcc/x86_64-pc-linux-gnu/10.3.0/../../../../include/c++/10.3.0/x86_64-pc-linux-gnu]
    add: [/usr/local/lib/gcc/x86_64-pc-linux-gnu/10.3.0/../../../../include/c++/10.3.0/backward]
    add: [/usr/local/lib/gcc/x86_64-pc-linux-gnu/10.3.0/include]
    add: [/usr/local/include]
    add: [/usr/local/lib/gcc/x86_64-pc-linux-gnu/10.3.0/include-fixed]
    add: [/usr/include]
  end of search list found
  collapse include dir [/usr/local/lib/gcc/x86_64-pc-linux-gnu/10.3.0/../../../../include/c++/10.3.0] ==> [/usr/local/include/c++/10.3.0]
  collapse include dir [/usr/local/lib/gcc/x86_64-pc-linux-gnu/10.3.0/../../../../include/c++/10.3.0/x86_64-pc-linux-gnu] ==> [/usr/local/include/c++/10.3.0/x86_64-pc-linux-gnu]
  collapse include dir [/usr/local/lib/gcc/x86_64-pc-linux-gnu/10.3.0/../../../../include/c++/10.3.0/backward] ==> [/usr/local/include/c++/10.3.0/backward]
  collapse include dir [/usr/local/lib/gcc/x86_64-pc-linux-gnu/10.3.0/include] ==> [/usr/local/lib/gcc/x86_64-pc-linux-gnu/10.3.0/include]
  collapse include dir [/usr/local/include] ==> [/usr/local/include]
  collapse include dir [/usr/local/lib/gcc/x86_64-pc-linux-gnu/10.3.0/include-fixed] ==> [/usr/local/lib/gcc/x86_64-pc-linux-gnu/10.3.0/include-fixed]
  collapse include dir [/usr/include] ==> [/usr/include]
  implicit include dirs: [/usr/local/include/c++/10.3.0;/usr/local/include/c++/10.3.0/x86_64-pc-linux-gnu;/usr/local/include/c++/10.3.0/backward;/usr/local/lib/gcc/x86_64-pc-linux-gnu/10.3.0/include;/usr/local/include;/usr/local/lib/gcc/x86_64-pc-linux-gnu/10.3.0/include-fixed;/usr/include]


Parsed CXX implicit link information from above output:
  link line regex: [^( *|.*[/\])(ld|CMAKE_LINK_STARTFILE-NOTFOUND|([^/\]+-)?ld|collect2)[^/\]*( |$)]
  ignore line: [Change Dir: /home/xhliu/work/staticLog/staticLog/build/CMakeFiles/CMakeTmp]
  ignore line: []
  ignore line: [Run Build Command(s):/usr/bin/gmake -f Makefile cmTC_d705b/fast && /usr/bin/gmake  -f CMakeFiles/cmTC_d705b.dir/build.make CMakeFiles/cmTC_d705b.dir/build]
  ignore line: [gmake[1]: Entering directory `/home/xhliu/work/staticLog/staticLog/build/CMakeFiles/CMakeTmp']
  ignore line: [Building CXX object CMakeFiles/cmTC_d705b.dir/CMakeCXXCompilerABI.cpp.o]
  ignore line: [/usr/local/bin/g++   -v -o CMakeFiles/cmTC_d705b.dir/CMakeCXXCompilerABI.cpp.o -c /home/xhliu/tool/cmake-3.24.1-linux-x86_64/share/cmake-3.24/Modules/CMakeCXXCompilerABI.cpp]
  ignore line: [Using built-in specs.]
  ignore line: [COLLECT_GCC=/usr/local/bin/g++]
  ignore line: [Target: x86_64-pc-linux-gnu]
  ignore line: [Configured with: ./configure --disable-multilib --enable-languages=c c++]
  ignore line: [Thread model: posix]
  ignore line: [Supported LTO compression algorithms: zlib]
  ignore line: [gcc version 10.3.0 (GCC) ]
  ignore line: [COLLECT_GCC_OPTIONS='-v' '-o' 'CMakeFiles/cmTC_d705b.dir/CMakeCXXCompilerABI.cpp.o' '-c' '-shared-libgcc' '-mtune=generic' '-march=x86-64']
  ignore line: [ /usr/local/libexec/gcc/x86_64-pc-linux-gnu/10.3.0/cc1plus -quiet -v -D_GNU_SOURCE /home/xhliu/tool/cmake-3.24.1-linux-x86_64/share/cmake-3.24/Modules/CMakeCXXCompilerABI.cpp -quiet -dumpbase CMakeCXXCompilerABI.cpp -mtune=generic -march=x86-64 -auxbase-strip CMakeFiles/cmTC_d705b.dir/CMakeCXXCompilerABI.cpp.o -version -o /tmp/ccRK2GkR.s]
  ignore line: [GNU C++14 (GCC) version 10.3.0 (x86_64-pc-linux-gnu)]
  ignore line: [	compiled by GNU C version 10.3.0  GMP version 6.1.0  MPFR version 3.1.4  MPC version 1.0.3  isl version isl-0.18-GMP]
  ignore line: []
  ignore line: [GGC heuristics: --param ggc-min-expand=100 --param ggc-min-heapsize=131072]
  ignore line: [ignoring nonexistent directory "/usr/local/lib/gcc/x86_64-pc-linux-gnu/10.3.0/../../../../x86_64-pc-linux-gnu/include"]
  ignore line: [#include "..." search starts here:]
  ignore line: [#include <...> search starts here:]
  ignore line: [ /usr/local/lib/gcc/x86_64-pc-linux-gnu/10.3.0/../../../../include/c++/10.3.0]
  ignore line: [ /usr/local/lib/gcc/x86_64-pc-linux-gnu/10.3.0/../../../../include/c++/10.3.0/x86_64-pc-linux-gnu]
  ignore line: [ /usr/local/lib/gcc/x86_64-pc-linux-gnu/10.3.0/../../../../include/c++/10.3.0/backward]
  ignore line: [ /usr/local/lib/gcc/x86_64-pc-linux-gnu/10.3.0/include]
  ignore line: [ /usr/local/include]
  ignore line: [ /usr/local/lib/gcc/x86_64-pc-linux-gnu/10.3.0/include-fixed]
  ignore line: [ /usr/include]
  ignore line: [End of search list.]
  ignore line: [GNU C++14 (GCC) version 10.3.0 (x86_64-pc-linux-gnu)]
  ignore line: [	compiled by GNU C version 10.3.0  GMP version 6.1.0  MPFR version 3.1.4  MPC version 1.0.3  isl version isl-0.18-GMP]
  ignore line: []
  ignore line: [GGC heuristics: --param ggc-min-expand=100 --param ggc-min-heapsize=131072]
  ignore line: [Compiler executable checksum: 0128a4baace4fd847e7728181abd2355]
  ignore line: [COLLECT_GCC_OPTIONS='-v' '-o' 'CMakeFiles/cmTC_d705b.dir/CMakeCXXCompilerABI.cpp.o' '-c' '-shared-libgcc' '-mtune=generic' '-march=x86-64']
  ignore line: [ as -v --64 -o CMakeFiles/cmTC_d705b.dir/CMakeCXXCompilerABI.cpp.o /tmp/ccRK2GkR.s]
  ignore line: [GNU assembler version 2.27 (x86_64-redhat-linux) using BFD version version 2.27-44.base.el7]
  ignore line: [COMPILER_PATH=/usr/local/libexec/gcc/x86_64-pc-linux-gnu/10.3.0/:/usr/local/libexec/gcc/x86_64-pc-linux-gnu/10.3.0/:/usr/local/libexec/gcc/x86_64-pc-linux-gnu/:/usr/local/lib/gcc/x86_64-pc-linux-gnu/10.3.0/:/usr/local/lib/gcc/x86_64-pc-linux-gnu/]
  ignore line: [LIBRARY_PATH=/usr/local/lib/gcc/x86_64-pc-linux-gnu/10.3.0/:/usr/local/lib/gcc/x86_64-pc-linux-gnu/10.3.0/../../../../lib64/:/lib/../lib64/:/usr/lib/../lib64/:/usr/local/lib/gcc/x86_64-pc-linux-gnu/10.3.0/../../../:/lib/:/usr/lib/]
  ignore line: [COLLECT_GCC_OPTIONS='-v' '-o' 'CMakeFiles/cmTC_d705b.dir/CMakeCXXCompilerABI.cpp.o' '-c' '-shared-libgcc' '-mtune=generic' '-march=x86-64']
  ignore line: [Linking CXX executable cmTC_d705b]
  ignore line: [/home/xhliu/tool/cmake-3.24.1-linux-x86_64/bin/cmake -E cmake_link_script CMakeFiles/cmTC_d705b.dir/link.txt --verbose=1]
  ignore line: [/usr/local/bin/g++  -v CMakeFiles/cmTC_d705b.dir/CMakeCXXCompilerABI.cpp.o -o cmTC_d705b ]
  ignore line: [Using built-in specs.]
  ignore line: [COLLECT_GCC=/usr/local/bin/g++]
  ignore line: [COLLECT_LTO_WRAPPER=/usr/local/libexec/gcc/x86_64-pc-linux-gnu/10.3.0/lto-wrapper]
  ignore line: [Target: x86_64-pc-linux-gnu]
  ignore line: [Configured with: ./configure --disable-multilib --enable-languages=c c++]
  ignore line: [Thread model: posix]
  ignore line: [Supported LTO compression algorithms: zlib]
  ignore line: [gcc version 10.3.0 (GCC) ]
  ignore line: [COMPILER_PATH=/usr/local/libexec/gcc/x86_64-pc-linux-gnu/10.3.0/:/usr/local/libexec/gcc/x86_64-pc-linux-gnu/10.3.0/:/usr/local/libexec/gcc/x86_64-pc-linux-gnu/:/usr/local/lib/gcc/x86_64-pc-linux-gnu/10.3.0/:/usr/local/lib/gcc/x86_64-pc-linux-gnu/]
  ignore line: [LIBRARY_PATH=/usr/local/lib/gcc/x86_64-pc-linux-gnu/10.3.0/:/usr/local/lib/gcc/x86_64-pc-linux-gnu/10.3.0/../../../../lib64/:/lib/../lib64/:/usr/lib/../lib64/:/usr/local/lib/gcc/x86_64-pc-linux-gnu/10.3.0/../../../:/lib/:/usr/lib/]
  ignore line: [COLLECT_GCC_OPTIONS='-v' '-o' 'cmTC_d705b' '-shared-libgcc' '-mtune=generic' '-march=x86-64']
  link line: [ /usr/local/libexec/gcc/x86_64-pc-linux-gnu/10.3.0/collect2 -plugin /usr/local/libexec/gcc/x86_64-pc-linux-gnu/10.3.0/liblto_plugin.so -plugin-opt=/usr/local/libexec/gcc/x86_64-pc-linux-gnu/10.3.0/lto-wrapper -plugin-opt=-fresolution=/tmp/ccCKJ7fV.res -plugin-opt=-pass-through=-lgcc_s -plugin-opt=-pass-through=-lgcc -plugin-opt=-pass-through=-lc -plugin-opt=-pass-through=-lgcc_s -plugin-opt=-pass-through=-lgcc --eh-frame-hdr -m elf_x86_64 -dynamic-linker /lib64/ld-linux-x86-64.so.2 -o cmTC_d705b /lib/../lib64/crt1.o /lib/../lib64/crti.o /usr/local/lib/gcc/x86_64-pc-linux-gnu/10.3.0/crtbegin.o -L/usr/local/lib/gcc/x86_64-pc-linux-gnu/10.3.0 -L/usr/local/lib/gcc/x86_64-pc-linux-gnu/10.3.0/../../../../lib64 -L/lib/../lib64 -L/usr/lib/../lib64 -L/usr/local/lib/gcc/x86_64-pc-linux-gnu/10.3.0/../../.. CMakeFiles/cmTC_d705b.dir/CMakeCXXCompilerABI.cpp.o -lstdc++ -lm -lgcc_s -lgcc -lc -lgcc_s -lgcc /usr/local/lib/gcc/x86_64-pc-linux-gnu/10.3.0/crtend.o /lib/../lib64/crtn.o]
    arg [/usr/local/libexec/gcc/x86_64-pc-linux-gnu/10.3.0/collect2] ==> ignore
    arg [-plugin] ==> ignore
    arg [/usr/local/libexec/gcc/x86_64-pc-linux-gnu/10.3.0/liblto_plugin.so] ==> ignore
    arg [-plugin-opt=/usr/local/libexec/gcc/x86_64-pc-linux-gnu/10.3.0/lto-wrapper] ==> ignore
    arg [-plugin-opt=-fresolution=/tmp/ccCKJ7fV.res] ==> ignore
    arg [-plugin-opt=-pass-through=-lgcc_s] ==> ignore
    arg [-plugin-opt=-pass-through=-lgcc] ==> ignore
    arg [-plugin-opt=-pass-through=-lc] ==> ignore
    arg [-plugin-opt=-pass-through=-lgcc_s] ==> ignore
    arg [-plugin-opt=-pass-through=-lgcc] ==> ignore
    arg [--eh-frame-hdr] ==> ignore
    arg [-m] ==> ignore
    arg [elf_x86_64] ==> ignore
    arg [-dynamic-linker] ==> ignore
    arg [/lib64/ld-linux-x86-64.so.2] ==> ignore
    arg [-o] ==> ignore
    arg [cmTC_d705b] ==> ignore
    arg [/lib/../lib64/crt1.o] ==> obj [/lib/../lib64/crt1.o]
    arg [/lib/../lib64/crti.o] ==> obj [/lib/../lib64/crti.o]
    arg [/usr/local/lib/gcc/x86_64-pc-linux-gnu/10.3.0/crtbegin.o] ==> obj [/usr/local/lib/gcc/x86_64-pc-linux-gnu/10.3.0/crtbegin.o]
    arg [-L/usr/local/lib/gcc/x86_64-pc-linux-gnu/10.3.0] ==> dir [/usr/local/lib/gcc/x86_64-pc-linux-gnu/10.3.0]
    arg [-L/usr/local/lib/gcc/x86_64-pc-linux-gnu/10.3.0/../../../../lib64] ==> dir [/usr/local/lib/gcc/x86_64-pc-linux-gnu/10.3.0/../../../../lib64]
    arg [-L/lib/../lib64] ==> dir [/lib/../lib64]
    arg [-L/usr/lib/../lib64] ==> dir [/usr/lib/../lib64]
    arg [-L/usr/local/lib/gcc/x86_64-pc-linux-gnu/10.3.0/../../..] ==> dir [/usr/local/lib/gcc/x86_64-pc-linux-gnu/10.3.0/../../..]
    arg [CMakeFiles/cmTC_d705b.dir/CMakeCXXCompilerABI.cpp.o] ==> ignore
    arg [-lstdc++] ==> lib [stdc++]
    arg [-lm] ==> lib [m]
    arg [-lgcc_s] ==> lib [gcc_s]
    arg [-lgcc] ==> lib [gcc]
    arg [-lc] ==> lib [c]
    arg [-lgcc_s] ==> lib [gcc_s]
    arg [-lgcc] ==> lib [gcc]
    arg [/usr/local/lib/gcc/x86_64-pc-linux-gnu/10.3.0/crtend.o] ==> obj [/usr/local/lib/gcc/x86_64-pc-linux-gnu/10.3.0/crtend.o]
    arg [/lib/../lib64/crtn.o] ==> obj [/lib/../lib64/crtn.o]
  collapse obj [/lib/../lib64/crt1.o] ==> [/lib64/crt1.o]
  collapse obj [/lib/../lib64/crti.o] ==> [/lib64/crti.o]
  collapse obj [/lib/../lib64/crtn.o] ==> [/lib64/crtn.o]
  collapse library dir [/usr/local/lib/gcc/x86_64-pc-linux-gnu/10.3.0] ==> [/usr/local/lib/gcc/x86_64-pc-linux-gnu/10.3.0]
  collapse library dir [/usr/local/lib/gcc/x86_64-pc-linux-gnu/10.3.0/../../../../lib64] ==> [/usr/local/lib64]
  collapse library dir [/lib/../lib64] ==> [/lib64]
  collapse library dir [/usr/lib/../lib64] ==> [/usr/lib64]
  collapse library dir [/usr/local/lib/gcc/x86_64-pc-linux-gnu/10.3.0/../../..] ==> [/usr/local/lib]
  implicit libs: [stdc++;m;gcc_s;gcc;c;gcc_s;gcc]
  implicit objs: [/lib64/crt1.o;/lib64/crti.o;/usr/local/lib/gcc/x86_64-pc-linux-gnu/10.3.0/crtbegin.o;/usr/local/lib/gcc/x86_64-pc-linux-gnu/10.3.0/crtend.o;/lib64/crtn.o]
  implicit dirs: [/usr/local/lib/gcc/x86_64-pc-linux-gnu/10.3.0;/usr/local/lib64;/lib64;/usr/lib64;/usr/local/lib]
  implicit fwks: []


Determining if the function pthread_create exists in the pthread passed with the following output:
Change Dir: /home/xhliu/work/staticLog/staticLog/build/CMakeFiles/CMakeTmp

Run Build Command(s):/usr/bin/gmake -f Makefile cmTC_b38cf/fast && /usr/bin/gmake  -f CMakeFiles/cmTC_b38cf.dir/build.make CMakeFiles/cmTC_b38cf.dir/build
gmake[1]: Entering directory `/home/xhliu/work/staticLog/staticLog/build/CMakeFiles/CMakeTmp'
Building C object CMakeFiles/cmTC_b38cf.dir/CheckFunctionExists.c.o
/usr/bin/cc   -DCHECK_FUNCTION_EXISTS=pthread_create -o CMakeFiles/cmTC_b38cf.dir/CheckFunctionExists.c.o -c /home/xhliu/tool/cmake-3.24.1-linux-x86_64/share/cmake-3.24/Modules/CheckFunctionExists.c
Linking C executable cmTC_b38cf
/home/xhliu/tool/cmake-3.24.1-linux-x86_64/bin/cmake -E cmake_link_script CMakeFiles/cmTC_b38cf.dir/link.txt --verbose=1
/usr/bin/cc  -DCHECK_FUNCTION_EXISTS=pthread_create CMakeFiles/cmTC_b38cf.dir/CheckFunctionExists.c.o -o cmTC_b38cf  -lpthread 
gmake[1]: Leaving directory `/home/xhliu/work/staticLog/staticLog/build/CMakeFiles/CMakeTmp'



